2022-02-25 17:02:03,040 [MainThread  ] [INFO ]  creating next batch of records
2022-02-25 17:02:03,550 [MainThread  ] [INFO ]  --------------------------------------------------BATCH 1--------------------------------------------------
2022-02-25 17:02:03,550 [MainThread  ] [INFO ]  [{'PutRequest': {'Item': {'prof': {'S': 'profile1'}, 'parent': {'S': 'feature1'}, 'aws:rep:deleting': {'BOOL': False}, 'showcw': {'BOOL': True}, 'time': {'N': '1645837323.040192'}, 'aws:rep:updateregion': {'S': 'us-west-2'}, 'aws:rep:updatetime': {'N': '1592962386.516313'}, 'done': {'BOOL': False}, 'asset': {'NULL': True}}}}, {'PutRequest': {'Item': {'prof': {'S': 'profile1'}, 'parent': {'S': 'feature2'}, 'aws:rep:deleting': {'BOOL': False}, 'showcw': {'BOOL': True}, 'time': {'N': '1645837323.040213'}, 'aws:rep:updateregion': {'S': 'us-west-2'}, 'aws:rep:updatetime': {'N': '1592962394.539229'}, 'done': {'BOOL': False}, 'asset': {'NULL': True}}}}, {'PutRequest': {'Item': {'prof': {'S': 'profile1'}, 'parent': {'S': 'feature3'}, 'aws:rep:deleting': {'BOOL': False}, 'showcw': {'BOOL': True}, 'time': {'N': '1645837323.0402188'}, 'aws:rep:updateregion': {'S': 'us-west-2'}, 'aws:rep:updatetime': {'N': '1592962353.509658'}, 'done': {'BOOL': False}, 'asset': {'NULL': True}}}}, {'PutRequest': {'Item': {'prof': {'S': 'profile1'}, 'parent': {'S': 'feature4'}, 'aws:rep:deleting': {'BOOL': False}, 'showcw': {'BOOL': True}, 'time': {'N': '1645837323.040226'}, 'aws:rep:updateregion': {'S': 'us-west-2'}, 'aws:rep:updatetime': {'N': '1592962356.571270'}, 'done': {'BOOL': False}, 'asset': {'NULL': True}}}}, {'PutRequest': {'Item': {'prof': {'S': 'profile1'}, 'parent': {'S': 'series1'}, 'aws:rep:deleting': {'BOOL': False}, 'showcw': {'BOOL': True}, 'time': {'N': '1645837323.040232'}, 'aws:rep:updateregion': {'S': 'us-west-2'}, 'aws:rep:updatetime': {'N': '1592962286.554375'}, 'done': {'BOOL': False}, 'asset': {'S': 'series1:episode2'}}}}, {'PutRequest': {'Item': {'prof': {'S': 'profile1'}, 'parent': {'S': 'series2'}, 'aws:rep:deleting': {'BOOL': False}, 'showcw': {'BOOL': True}, 'time': {'N': '1645837323.040236'}, 'aws:rep:updateregion': {'S': 'us-west-2'}, 'aws:rep:updatetime': {'N': '1592962308.547478'}, 'done': {'BOOL': False}, 'asset': {'S': 'series2:episode1'}}}}, {'PutRequest': {'Item': {'prof': {'S': 'profile2'}, 'parent': {'S': 'feature1'}, 'aws:rep:deleting': {'BOOL': False}, 'showcw': {'BOOL': True}, 'time': {'N': '1645837323.040243'}, 'aws:rep:updateregion': {'S': 'us-west-2'}, 'aws:rep:updatetime': {'N': '1592962294.545341'}, 'done': {'BOOL': False}, 'asset': {'NULL': True}}}}, {'PutRequest': {'Item': {'prof': {'S': 'profile2'}, 'parent': {'S': 'feature2'}, 'aws:rep:deleting': {'BOOL': False}, 'showcw': {'BOOL': True}, 'time': {'N': '1645837323.040247'}, 'aws:rep:updateregion': {'S': 'us-west-2'}, 'aws:rep:updatetime': {'N': '1592962257.519644'}, 'done': {'BOOL': False}, 'asset': {'NULL': True}}}}, {'PutRequest': {'Item': {'prof': {'S': 'profile2'}, 'parent': {'S': 'feature3'}, 'aws:rep:deleting': {'BOOL': False}, 'showcw': {'BOOL': True}, 'time': {'N': '1645837323.040252'}, 'aws:rep:updateregion': {'S': 'us-west-2'}, 'aws:rep:updatetime': {'N': '1592962318.533138'}, 'done': {'BOOL': False}, 'asset': {'NULL': True}}}}, {'PutRequest': {'Item': {'prof': {'S': 'profile2'}, 'parent': {'S': 'feature4'}, 'aws:rep:deleting': {'BOOL': False}, 'showcw': {'BOOL': True}, 'time': {'N': '1645837323.040257'}, 'aws:rep:updateregion': {'S': 'us-west-2'}, 'aws:rep:updatetime': {'N': '1592962354.524377'}, 'done': {'BOOL': False}, 'asset': {'NULL': True}}}}]
2022-02-25 17:02:03,551 [MainThread  ] [INFO ]  {'ConsumedCapacity': [{'CapacityUnits': 30.0, 'TableName': 'pickup-cw-snp'}],
 'ResponseMetadata': {'HTTPHeaders': {'connection': 'keep-alive',
                                      'content-length': '95',
                                      'content-type': 'application/x-amz-json-1.0',
                                      'date': 'Sat, 26 Feb 2022 01:02:03 GMT',
                                      'server': 'Server',
                                      'x-amz-crc32': '125171640',
                                      'x-amzn-requestid': '3C1ATL2EC97JE7UF51PIMDR2KFVV4KQNSO5AEMVJF66Q9ASUAAJG'},
                      'HTTPStatusCode': 200,
                      'RequestId': '3C1ATL2EC97JE7UF51PIMDR2KFVV4KQNSO5AEMVJF66Q9ASUAAJG',
                      'RetryAttempts': 0},
 'UnprocessedItems': {}}
2022-02-25 17:02:03,551 [MainThread  ] [INFO ]  ----------------------------------------------------------------------------------------------------
2022-02-25 17:02:03,551 [MainThread  ] [INFO ]  creating next batch of records
2022-02-25 17:02:03,649 [MainThread  ] [INFO ]  --------------------------------------------------BATCH 2--------------------------------------------------
2022-02-25 17:02:03,649 [MainThread  ] [INFO ]  [{'PutRequest': {'Item': {'prof': {'S': 'profile2'}, 'parent': {'S': 'series1'}, 'aws:rep:deleting': {'BOOL': False}, 'showcw': {'BOOL': True}, 'time': {'N': '1645837323.5519621'}, 'aws:rep:updateregion': {'S': 'us-west-2'}, 'aws:rep:updatetime': {'N': '1592962241.580344'}, 'done': {'BOOL': False}, 'asset': {'S': 'series1:episode2'}}}}, {'PutRequest': {'Item': {'prof': {'S': 'profile2'}, 'parent': {'S': 'series2'}, 'aws:rep:deleting': {'BOOL': False}, 'showcw': {'BOOL': True}, 'time': {'N': '1645837323.551984'}, 'aws:rep:updateregion': {'S': 'us-west-2'}, 'aws:rep:updatetime': {'N': '1592962264.513758'}, 'done': {'BOOL': False}, 'asset': {'S': 'series2:episode1'}}}}, {'PutRequest': {'Item': {'prof': {'S': 'profile3'}, 'parent': {'S': 'feature1'}, 'aws:rep:deleting': {'BOOL': False}, 'showcw': {'BOOL': True}, 'time': {'N': '1645837323.551997'}, 'aws:rep:updateregion': {'S': 'us-west-2'}, 'aws:rep:updatetime': {'N': '1592962238.542877'}, 'done': {'BOOL': False}, 'asset': {'NULL': True}}}}, {'PutRequest': {'Item': {'prof': {'S': 'profile3'}, 'parent': {'S': 'feature2'}, 'aws:rep:deleting': {'BOOL': False}, 'showcw': {'BOOL': True}, 'time': {'N': '1645837323.552006'}, 'aws:rep:updateregion': {'S': 'us-west-2'}, 'aws:rep:updatetime': {'N': '1592962322.513161'}, 'done': {'BOOL': False}, 'asset': {'NULL': True}}}}, {'PutRequest': {'Item': {'prof': {'S': 'profile3'}, 'parent': {'S': 'feature3'}, 'aws:rep:deleting': {'BOOL': False}, 'showcw': {'BOOL': True}, 'time': {'N': '1645837323.5520132'}, 'aws:rep:updateregion': {'S': 'us-west-2'}, 'aws:rep:updatetime': {'N': '1592962239.503960'}, 'done': {'BOOL': False}, 'asset': {'NULL': True}}}}, {'PutRequest': {'Item': {'prof': {'S': 'profile3'}, 'parent': {'S': 'feature4'}, 'aws:rep:deleting': {'BOOL': False}, 'showcw': {'BOOL': True}, 'time': {'N': '1645837323.552021'}, 'aws:rep:updateregion': {'S': 'us-west-2'}, 'aws:rep:updatetime': {'N': '1592962280.576644'}, 'done': {'BOOL': False}, 'asset': {'NULL': True}}}}, {'PutRequest': {'Item': {'prof': {'S': 'profile3'}, 'parent': {'S': 'series1'}, 'aws:rep:deleting': {'BOOL': False}, 'showcw': {'BOOL': True}, 'time': {'N': '1645837323.552031'}, 'aws:rep:updateregion': {'S': 'us-west-2'}, 'aws:rep:updatetime': {'N': '1592962283.575875'}, 'done': {'BOOL': False}, 'asset': {'S': 'series1:episode2'}}}}, {'PutRequest': {'Item': {'prof': {'S': 'profile3'}, 'parent': {'S': 'series2'}, 'aws:rep:deleting': {'BOOL': False}, 'showcw': {'BOOL': True}, 'time': {'N': '1645837323.5520399'}, 'aws:rep:updateregion': {'S': 'us-west-2'}, 'aws:rep:updatetime': {'N': '1592962341.585076'}, 'done': {'BOOL': False}, 'asset': {'S': 'series2:episode1'}}}}, {'PutRequest': {'Item': {'prof': {'S': 'profile4'}, 'parent': {'S': 'feature1'}, 'aws:rep:deleting': {'BOOL': False}, 'showcw': {'BOOL': True}, 'time': {'N': '1645837323.5520499'}, 'aws:rep:updateregion': {'S': 'us-west-2'}, 'aws:rep:updatetime': {'N': '1592962319.504180'}, 'done': {'BOOL': False}, 'asset': {'NULL': True}}}}, {'PutRequest': {'Item': {'prof': {'S': 'profile4'}, 'parent': {'S': 'feature2'}, 'aws:rep:deleting': {'BOOL': False}, 'showcw': {'BOOL': True}, 'time': {'N': '1645837323.5520582'}, 'aws:rep:updateregion': {'S': 'us-west-2'}, 'aws:rep:updatetime': {'N': '1592962229.501653'}, 'done': {'BOOL': False}, 'asset': {'NULL': True}}}}]
2022-02-25 17:02:03,649 [MainThread  ] [INFO ]  {'ConsumedCapacity': [{'CapacityUnits': 30.0, 'TableName': 'pickup-cw-snp'}],
 'ResponseMetadata': {'HTTPHeaders': {'connection': 'keep-alive',
                                      'content-length': '95',
                                      'content-type': 'application/x-amz-json-1.0',
                                      'date': 'Sat, 26 Feb 2022 01:02:03 GMT',
                                      'server': 'Server',
                                      'x-amz-crc32': '125171640',
                                      'x-amzn-requestid': 'KPIC8G1DO89A0B8CFVUQHKEMK3VV4KQNSO5AEMVJF66Q9ASUAAJG'},
                      'HTTPStatusCode': 200,
                      'RequestId': 'KPIC8G1DO89A0B8CFVUQHKEMK3VV4KQNSO5AEMVJF66Q9ASUAAJG',
                      'RetryAttempts': 0},
 'UnprocessedItems': {}}
2022-02-25 17:02:03,650 [MainThread  ] [INFO ]  ----------------------------------------------------------------------------------------------------
2022-02-25 17:02:03,650 [MainThread  ] [INFO ]  creating next batch of records
2022-02-25 17:02:03,749 [MainThread  ] [INFO ]  --------------------------------------------------BATCH 3--------------------------------------------------
2022-02-25 17:02:03,749 [MainThread  ] [INFO ]  [{'PutRequest': {'Item': {'prof': {'S': 'profile4'}, 'parent': {'S': 'feature3'}, 'aws:rep:deleting': {'BOOL': False}, 'showcw': {'BOOL': True}, 'time': {'N': '1645837323.650153'}, 'aws:rep:updateregion': {'S': 'us-west-2'}, 'aws:rep:updatetime': {'N': '1592962230.567062'}, 'done': {'BOOL': False}, 'asset': {'NULL': True}}}}, {'PutRequest': {'Item': {'prof': {'S': 'profile4'}, 'parent': {'S': 'feature4'}, 'aws:rep:deleting': {'BOOL': False}, 'showcw': {'BOOL': True}, 'time': {'N': '1645837323.65017'}, 'aws:rep:updateregion': {'S': 'us-west-2'}, 'aws:rep:updatetime': {'N': '1592962336.557832'}, 'done': {'BOOL': False}, 'asset': {'NULL': True}}}}, {'PutRequest': {'Item': {'prof': {'S': 'profile4'}, 'parent': {'S': 'series1'}, 'aws:rep:deleting': {'BOOL': False}, 'showcw': {'BOOL': True}, 'time': {'N': '1645837323.65018'}, 'aws:rep:updateregion': {'S': 'us-west-2'}, 'aws:rep:updatetime': {'N': '1592962268.582150'}, 'done': {'BOOL': False}, 'asset': {'S': 'series1:episode2'}}}}, {'PutRequest': {'Item': {'prof': {'S': 'profile4'}, 'parent': {'S': 'series2'}, 'aws:rep:deleting': {'BOOL': False}, 'showcw': {'BOOL': True}, 'time': {'N': '1645837323.650187'}, 'aws:rep:updateregion': {'S': 'us-west-2'}, 'aws:rep:updatetime': {'N': '1592962237.587771'}, 'done': {'BOOL': False}, 'asset': {'S': 'series2:episode1'}}}}]
2022-02-25 17:02:03,749 [MainThread  ] [INFO ]  {'ConsumedCapacity': [{'CapacityUnits': 12.0, 'TableName': 'pickup-cw-snp'}],
 'ResponseMetadata': {'HTTPHeaders': {'connection': 'keep-alive',
                                      'content-length': '95',
                                      'content-type': 'application/x-amz-json-1.0',
                                      'date': 'Sat, 26 Feb 2022 01:02:03 GMT',
                                      'server': 'Server',
                                      'x-amz-crc32': '218789086',
                                      'x-amzn-requestid': 'A0T4DJDK4GFS8KELGJ1DNNLFEJVV4KQNSO5AEMVJF66Q9ASUAAJG'},
                      'HTTPStatusCode': 200,
                      'RequestId': 'A0T4DJDK4GFS8KELGJ1DNNLFEJVV4KQNSO5AEMVJF66Q9ASUAAJG',
                      'RetryAttempts': 0},
 'UnprocessedItems': {}}
2022-02-25 17:02:03,749 [MainThread  ] [INFO ]  ----------------------------------------------------------------------------------------------------
